Copyright 1986-2020 Xilinx, Inc. All Rights Reserved.
----------------------------------------------------------------------------------------------------------------------------------------------------------------------
| Tool Version     : Vivado v.2020.2 (win64) Build 3064766 Wed Nov 18 09:12:45 MST 2020
| Date             : Thu May  6 17:09:07 2021
| Host             : EzBootCamp running 64-bit major release  (build 9200)
| Command          : report_power -file design_1_wrapper_power_routed.rpt -pb design_1_wrapper_power_summary_routed.pb -rpx design_1_wrapper_power_routed.rpx
| Design           : design_1_wrapper
| Device           : xc7s50csga324-1
| Design State     : routed
| Grade            : commercial
| Process          : typical
| Characterization : Production
----------------------------------------------------------------------------------------------------------------------------------------------------------------------

Power Report

Table of Contents
-----------------
1. Summary
1.1 On-Chip Components
1.2 Power Supply Summary
1.3 Confidence Level
2. Settings
2.1 Environment
2.2 Clock Constraints
3. Detailed Reports
3.1 By Hierarchy

1. Summary
----------

+--------------------------+--------------+
| Total On-Chip Power (W)  | 0.416        |
| Design Power Budget (W)  | Unspecified* |
| Power Budget Margin (W)  | NA           |
| Dynamic (W)              | 0.342        |
| Device Static (W)        | 0.074        |
| Effective TJA (C/W)      | 4.9          |
| Max Ambient (C)          | 82.9         |
| Junction Temperature (C) | 27.1         |
| Confidence Level         | Low          |
| Setting File             | ---          |
| Simulation Activity File | ---          |
| Design Nets Matched      | NA           |
+--------------------------+--------------+
* Specify Design Power Budget using, set_operating_conditions -design_power_budget <value in Watts>


1.1 On-Chip Components
----------------------

+--------------------------+-----------+----------+-----------+-----------------+
| On-Chip                  | Power (W) | Used     | Available | Utilization (%) |
+--------------------------+-----------+----------+-----------+-----------------+
| Clocks                   |     0.015 |        7 |       --- |             --- |
| Slice Logic              |     0.073 |    10042 |       --- |             --- |
|   LUT as Logic           |     0.071 |     4436 |     32600 |           13.61 |
|   LUT as Distributed RAM |     0.001 |      160 |      9600 |            1.67 |
|   Register               |    <0.001 |     3757 |     65200 |            5.76 |
|   F7/F8 Muxes            |    <0.001 |      339 |     32600 |            1.04 |
|   CARRY4                 |    <0.001 |       47 |      8150 |            0.58 |
|   LUT as Shift Register  |    <0.001 |       96 |      9600 |            1.00 |
|   Others                 |     0.000 |      718 |       --- |             --- |
| Signals                  |     0.147 |     7734 |       --- |             --- |
| Block RAM                |    <0.001 |       32 |        75 |           42.67 |
| MMCM                     |     0.104 |        1 |         5 |           20.00 |
| DSPs                     |     0.002 |        3 |       120 |            2.50 |
| I/O                      |    <0.001 |       12 |       210 |            5.71 |
| Static Power             |     0.074 |          |           |                 |
| Total                    |     0.416 |          |           |                 |
+--------------------------+-----------+----------+-----------+-----------------+


1.2 Power Supply Summary
------------------------

+-----------+-------------+-----------+-------------+------------+-------------+-------------+------------+
| Source    | Voltage (V) | Total (A) | Dynamic (A) | Static (A) | Powerup (A) | Budget (A)  | Margin (A) |
+-----------+-------------+-----------+-------------+------------+-------------+-------------+------------+
| Vccint    |       1.000 |     0.248 |       0.237 |      0.011 |       NA    | Unspecified | NA         |
| Vccaux    |       1.800 |     0.070 |       0.058 |      0.013 |       NA    | Unspecified | NA         |
| Vcco33    |       3.300 |     0.001 |       0.000 |      0.001 |       NA    | Unspecified | NA         |
| Vcco25    |       2.500 |     0.000 |       0.000 |      0.000 |       NA    | Unspecified | NA         |
| Vcco18    |       1.800 |     0.000 |       0.000 |      0.000 |       NA    | Unspecified | NA         |
| Vcco15    |       1.500 |     0.000 |       0.000 |      0.000 |       NA    | Unspecified | NA         |
| Vcco135   |       1.350 |     0.000 |       0.000 |      0.000 |       NA    | Unspecified | NA         |
| Vcco12    |       1.200 |     0.000 |       0.000 |      0.000 |       NA    | Unspecified | NA         |
| Vccaux_io |       1.800 |     0.000 |       0.000 |      0.000 |       NA    | Unspecified | NA         |
| Vccbram   |       1.000 |     0.001 |       0.000 |      0.001 |       NA    | Unspecified | NA         |
| Vccadc    |       1.800 |     0.020 |       0.000 |      0.020 |       NA    | Unspecified | NA         |
+-----------+-------------+-----------+-------------+------------+-------------+-------------+------------+


1.3 Confidence Level
--------------------

+-----------------------------+------------+--------------------------------------------------------+------------------------------------------------------------------------------------------------------------+
| User Input Data             | Confidence | Details                                                | Action                                                                                                     |
+-----------------------------+------------+--------------------------------------------------------+------------------------------------------------------------------------------------------------------------+
| Design implementation state | High       | Design is routed                                       |                                                                                                            |
| Clock nodes activity        | High       | User specified more than 95% of clocks                 |                                                                                                            |
| I/O nodes activity          | Low        | More than 75% of inputs are missing user specification | Provide missing input activity with simulation results or by editing the "By Resource Type -> I/Os" view   |
| Internal nodes activity     | Medium     | User specified less than 25% of internal nodes         | Provide missing internal nodes activity with simulation results or by editing the "By Resource Type" views |
| Device models               | High       | Device models are Production                           |                                                                                                            |
|                             |            |                                                        |                                                                                                            |
| Overall confidence level    | Low        |                                                        |                                                                                                            |
+-----------------------------+------------+--------------------------------------------------------+------------------------------------------------------------------------------------------------------------+


2. Settings
-----------

2.1 Environment
---------------

+-----------------------+--------------------------+
| Ambient Temp (C)      | 25.0                     |
| ThetaJA (C/W)         | 4.9                      |
| Airflow (LFM)         | 250                      |
| Heat Sink             | medium (Medium Profile)  |
| ThetaSA (C/W)         | 4.6                      |
| Board Selection       | medium (10"x10")         |
| # of Board Layers     | 12to15 (12 to 15 Layers) |
| Board Temperature (C) | 25.0                     |
+-----------------------+--------------------------+


2.2 Clock Constraints
---------------------

+------------------------------------------------------------+---------------------------------------------------------+-----------------+
| Clock                                                      | Domain                                                  | Constraint (ns) |
+------------------------------------------------------------+---------------------------------------------------------+-----------------+
| clk_out1_design_1_clk_wiz_1_0                              | design_1_i/clk_wiz_1/inst/clk_out1_design_1_clk_wiz_1_0 |            10.0 |
| clkfbout_design_1_clk_wiz_1_0                              | design_1_i/clk_wiz_1/inst/clkfbout_design_1_clk_wiz_1_0 |            83.3 |
| design_1_i/mdm_1/U0/Use_E2.BSCAN_I/Use_E2.BSCANE2_I/DRCK   | design_1_i/mdm_1/U0/Use_E2.BSCAN_I/DRCK                 |            33.3 |
| design_1_i/mdm_1/U0/Use_E2.BSCAN_I/Use_E2.BSCANE2_I/UPDATE | design_1_i/mdm_1/U0/Use_E2.BSCAN_I/Dbg_Update_0         |            33.3 |
| sys_clock                                                  | sys_clock                                               |            83.3 |
+------------------------------------------------------------+---------------------------------------------------------+-----------------+


3. Detailed Reports
-------------------

3.1 By Hierarchy
----------------

+---------------------------+-----------+
| Name                      | Power (W) |
+---------------------------+-----------+
| design_1_wrapper          |     0.342 |
|   design_1_i              |     0.341 |
|     AesCryptoCore_0       |     0.218 |
|       inst                |     0.218 |
|     clk_wiz_1             |     0.104 |
|       inst                |     0.104 |
|     microblaze_0          |     0.015 |
|       U0                  |     0.015 |
|     microblaze_0_axi_intc |     0.001 |
|       U0                  |     0.001 |
+---------------------------+-----------+


