13:28:28 **** Clean-only build of project design_1_wrapper ****
buildplatform.bat 50316 design_1_wrapper clean 
XSDB Server Channel: tcfchan#1
Reading the platform  : "design_1_wrapper"
Cleaning the BSP for domain  - standalone_microblaze_0
make: *** No rule to make target 'clean'.  Stop.
Failed to do platform clean.
    invoked from within
"::tcf::eval -progress {apply {{msg} {puts $msg}}} {tcf_send_command tcfchan#0 xsdb eval s es {{platform active design_1_wrapper; platform clean}}}"
    (procedure "::tcf::send_command" line 4)
    invoked from within
"tcf send_command $::xsdb::curchan xsdb eval s es [list "platform active $PLATFORM_NAME; platform clean"]"
    invoked from within
"if { $iswindows == 1 } {    

    set XSDB_PORT [lindex $argv 0]
    set PLATFORM_NAME [lindex $argv 1]
    set arglen [llength $argv]
    set lastind..."
    (file "C:/Xilinx/Vitis/2020.2\scripts\vitis\util\buildplatform.tcl" line 11)

13:28:33 Build Finished (took 4s.964ms)

