#-----------------------------------------------------------
# Vivado v2020.2 (64-bit)
# SW Build 3064766 on Wed Nov 18 09:12:45 MST 2020
# IP Build 3064653 on Wed Nov 18 14:17:31 MST 2020
# Start of session at: Thu May 20 13:33:10 2021
# Process ID: 5392
# Current directory: C:/Users/ezzie/Desktop/final_presentation_repo/complete_system
# Command line: vivado.exe -gui_launcher_event rodinguilauncherevent10880 C:\Users\ezzie\Desktop\final_presentation_repo\complete_system\complete_system.xpr
# Log file: C:/Users/ezzie/Desktop/final_presentation_repo/complete_system/vivado.log
# Journal file: C:/Users/ezzie/Desktop/final_presentation_repo/complete_system\vivado.jou
#-----------------------------------------------------------
start_gui
open_project C:/Users/ezzie/Desktop/final_presentation_repo/complete_system/complete_system.xpr
Scanning sources...
Finished scanning sources
INFO: [IP_Flow 19-234] Refreshing IP repositories
INFO: [IP_Flow 19-1700] Loaded user IP repository 'c:/Users/ezzie/Desktop/Anilatac-aes_cryptocore-442f83dc28a7/Vivado_project/ip_repo'.
WARNING: [IP_Flow 19-3685] Ignored loading user repository 'c:/Users/ezzie/Desktop/MOlaru-aes_cryptocore-b75a348d36df/ip_repo/AesCryptoCore_1.0'. The path is contained within another repository.
INFO: [IP_Flow 19-1700] Loaded user IP repository 'c:/Users/ezzie/Desktop/MOlaru-aes_cryptocore-b75a348d36df/ip_repo'.
INFO: [IP_Flow 19-1700] Loaded user IP repository 'c:/Users/ezzie/Desktop/MOlaru-aes_cryptocore-b75a348d36df/digiLent_test/ip_repo'.
INFO: [IP_Flow 19-2313] Loaded Vivado IP repository 'C:/Xilinx/Vivado/2020.2/data/ip'.
WARNING: [IP_Flow 19-1663] Duplicate IP found for 'xilinx.com:user:AesCryptoCore:1.0'. The one found in IP location 'c:/Users/ezzie/Desktop/MOlaru-aes_cryptocore-b75a348d36df/ip_repo/AesCryptoCore_1.0' will take precedence over the same IP in location c:/Users/ezzie/Desktop/MOlaru-aes_cryptocore-b75a348d36df/digiLent_test/ip_repo/AesCryptoCore_1.0
open_project: Time (s): cpu = 00:00:37 ; elapsed = 00:00:28 . Memory (MB): peak = 1150.176 ; gain = 29.004
update_compile_order -fileset sources_1
open_bd_design {C:/Users/ezzie/Desktop/final_presentation_repo/complete_system/complete_system.srcs/sources_1/bd/design_1/design_1.bd}
Reading block design file <C:/Users/ezzie/Desktop/final_presentation_repo/complete_system/complete_system.srcs/sources_1/bd/design_1/design_1.bd>...
Adding component instance block -- xilinx.com:ip:microblaze:11.0 - microblaze_0
Adding component instance block -- xilinx.com:ip:lmb_v10:3.0 - dlmb_v10
Adding component instance block -- xilinx.com:ip:lmb_v10:3.0 - ilmb_v10
Adding component instance block -- xilinx.com:ip:lmb_bram_if_cntlr:4.0 - dlmb_bram_if_cntlr
Adding component instance block -- xilinx.com:ip:lmb_bram_if_cntlr:4.0 - ilmb_bram_if_cntlr
Adding component instance block -- xilinx.com:ip:blk_mem_gen:8.4 - lmb_bram
Adding component instance block -- xilinx.com:ip:axi_interconnect:2.1 - microblaze_0_axi_periph
Adding component instance block -- xilinx.com:ip:axi_crossbar:2.1 - xbar
Adding component instance block -- xilinx.com:ip:axi_intc:4.1 - microblaze_0_axi_intc
Adding component instance block -- xilinx.com:ip:xlconcat:2.1 - microblaze_0_xlconcat
Adding component instance block -- xilinx.com:ip:mdm:3.2 - mdm_1
Adding component instance block -- xilinx.com:ip:clk_wiz:6.0 - clk_wiz_1
Adding component instance block -- xilinx.com:ip:proc_sys_reset:5.0 - rst_clk_wiz_1_100M
Adding component instance block -- xilinx.com:ip:axi_uartlite:2.0 - axi_uartlite_0
Adding component instance block -- xilinx.com:ip:axi_gpio:2.0 - axi_gpio_0
Adding component instance block -- xilinx.com:user:AesCryptoCore:1.0 - AesCryptoCore_0
Successfully read diagram <design_1> from block design file <C:/Users/ezzie/Desktop/final_presentation_repo/complete_system/complete_system.srcs/sources_1/bd/design_1/design_1.bd>
open_bd_design: Time (s): cpu = 00:00:14 ; elapsed = 00:00:13 . Memory (MB): peak = 1305.918 ; gain = 119.434
