INFO: [VRFC 10-2263] Analyzing Verilog file "C:/Users/ezzie/Desktop/microblazenewdir_aescrypto/microblazenewdir_aescrypto.gen/sources_1/bd/design_1/ip/design_1_lmb_bram_0_1/sim/design_1_lmb_bram_0.v" into library xil_defaultlib
INFO: [VRFC 10-311] analyzing module design_1_lmb_bram_0
INFO: [VRFC 10-2263] Analyzing Verilog file "C:/Users/ezzie/Desktop/microblazenewdir_aescrypto/microblazenewdir_aescrypto.gen/sources_1/bd/design_1/ip/design_1_xbar_0_1/sim/design_1_xbar_0.v" into library xil_defaultlib
INFO: [VRFC 10-311] analyzing module design_1_xbar_0
INFO: [VRFC 10-2263] Analyzing Verilog file "C:/Users/ezzie/Desktop/microblazenewdir_aescrypto/microblazenewdir_aescrypto.gen/sources_1/bd/design_1/ip/design_1_microblaze_0_xlconcat_0_1/sim/design_1_microblaze_0_xlconcat_0.v" into library xil_defaultlib
INFO: [VRFC 10-311] analyzing module design_1_microblaze_0_xlconcat_0
INFO: [VRFC 10-2263] Analyzing Verilog file "C:/Users/ezzie/Desktop/microblazenewdir_aescrypto/microblazenewdir_aescrypto.gen/sources_1/bd/design_1/ip/design_1_clk_wiz_1_0_1/design_1_clk_wiz_1_0_clk_wiz.v" into library xil_defaultlib
INFO: [VRFC 10-311] analyzing module design_1_clk_wiz_1_0_clk_wiz
INFO: [VRFC 10-2263] Analyzing Verilog file "C:/Users/ezzie/Desktop/microblazenewdir_aescrypto/microblazenewdir_aescrypto.gen/sources_1/bd/design_1/ip/design_1_clk_wiz_1_0_1/design_1_clk_wiz_1_0.v" into library xil_defaultlib
INFO: [VRFC 10-311] analyzing module design_1_clk_wiz_1_0
INFO: [VRFC 10-2263] Analyzing Verilog file "C:/Users/ezzie/Desktop/microblazenewdir_aescrypto/microblazenewdir_aescrypto.srcs/sources_1/bd/design_1/ipshared/6c84/hdl/AesCryptoCore_v1_0_S00_AXI.v" into library xil_defaultlib
INFO: [VRFC 10-311] analyzing module AesCryptoCore_v1_0_S00_AXI
INFO: [VRFC 10-2263] Analyzing Verilog file "C:/Users/ezzie/Desktop/microblazenewdir_aescrypto/microblazenewdir_aescrypto.srcs/sources_1/bd/design_1/ipshared/6c84/hdl/AesCryptoCore_v1_0.v" into library xil_defaultlib
INFO: [VRFC 10-311] analyzing module AesCryptoCore_v1_0
INFO: [VRFC 10-2263] Analyzing Verilog file "C:/Users/ezzie/Desktop/microblazenewdir_aescrypto/microblazenewdir_aescrypto.srcs/sources_1/bd/design_1/ipshared/6c84/src/utils/aes_types.v" into library xil_defaultlib
INFO: [VRFC 10-2263] Analyzing Verilog file "C:/Users/ezzie/Desktop/microblazenewdir_aescrypto/microblazenewdir_aescrypto.srcs/sources_1/bd/design_1/ipshared/6c84/src/aes_sbox128.v" into library xil_defaultlib
INFO: [VRFC 10-311] analyzing module aes_s_box128
INFO: [VRFC 10-2263] Analyzing Verilog file "C:/Users/ezzie/Desktop/microblazenewdir_aescrypto/microblazenewdir_aescrypto.srcs/sources_1/bd/design_1/ipshared/6c84/src/aes_top.v" into library xil_defaultlib
INFO: [VRFC 10-311] analyzing module aes_top
INFO: [VRFC 10-2263] Analyzing Verilog file "C:/Users/ezzie/Desktop/microblazenewdir_aescrypto/microblazenewdir_aescrypto.srcs/sources_1/bd/design_1/ipshared/6c84/src/aes_s_box.v" into library xil_defaultlib
INFO: [VRFC 10-311] analyzing module bSbox
INFO: [VRFC 10-2263] Analyzing Verilog file "C:/Users/ezzie/Desktop/microblazenewdir_aescrypto/microblazenewdir_aescrypto.srcs/sources_1/bd/design_1/ipshared/6c84/src/aes_key_schedule.v" into library xil_defaultlib
INFO: [VRFC 10-311] analyzing module key_schedule
INFO: [VRFC 10-2263] Analyzing Verilog file "C:/Users/ezzie/Desktop/microblazenewdir_aescrypto/microblazenewdir_aescrypto.srcs/sources_1/bd/design_1/ipshared/6c84/src/aes_mix_columns.v" into library xil_defaultlib
INFO: [VRFC 10-311] analyzing module MixColumns
INFO: [VRFC 10-2263] Analyzing Verilog file "C:/Users/ezzie/Desktop/microblazenewdir_aescrypto/microblazenewdir_aescrypto.srcs/sources_1/bd/design_1/ipshared/6c84/src/aes_shift_rows.v" into library xil_defaultlib
INFO: [VRFC 10-311] analyzing module aes_shift_rows
INFO: [VRFC 10-2263] Analyzing Verilog file "C:/Users/ezzie/Desktop/microblazenewdir_aescrypto/microblazenewdir_aescrypto.srcs/sources_1/bd/design_1/ipshared/6c84/src/aes_round_constants.v" into library xil_defaultlib
INFO: [VRFC 10-311] analyzing module round_constants
INFO: [VRFC 10-2263] Analyzing Verilog file "C:/Users/ezzie/Desktop/microblazenewdir_aescrypto/microblazenewdir_aescrypto.srcs/sources_1/bd/design_1/ipshared/6c84/src/mux2_1.v" into library xil_defaultlib
INFO: [VRFC 10-311] analyzing module mux2_1
INFO: [VRFC 10-2263] Analyzing Verilog file "C:/Users/ezzie/Desktop/microblazenewdir_aescrypto/microblazenewdir_aescrypto.srcs/sources_1/bd/design_1/ipshared/6c84/src/aes_function_g.v" into library xil_defaultlib
INFO: [VRFC 10-311] analyzing module function_g
INFO: [VRFC 10-2263] Analyzing Verilog file "C:/Users/ezzie/Desktop/microblazenewdir_aescrypto/microblazenewdir_aescrypto.srcs/sources_1/bd/design_1/ipshared/6c84/src/select_not_8.v" into library xil_defaultlib
INFO: [VRFC 10-311] analyzing module select_not_8
INFO: [VRFC 10-2263] Analyzing Verilog file "C:/Users/ezzie/Desktop/microblazenewdir_aescrypto/microblazenewdir_aescrypto.srcs/sources_1/bd/design_1/ipshared/6c84/src/x_times.v" into library xil_defaultlib
INFO: [VRFC 10-311] analyzing module x_times
INFO: [VRFC 10-2263] Analyzing Verilog file "C:/Users/ezzie/Desktop/microblazenewdir_aescrypto/microblazenewdir_aescrypto.srcs/sources_1/bd/design_1/ipshared/6c84/src/gf_inv_2.v" into library xil_defaultlib
INFO: [VRFC 10-311] analyzing module gf_inv_2
INFO: [VRFC 10-2263] Analyzing Verilog file "C:/Users/ezzie/Desktop/microblazenewdir_aescrypto/microblazenewdir_aescrypto.srcs/sources_1/bd/design_1/ipshared/6c84/src/gf_inv_4.v" into library xil_defaultlib
INFO: [VRFC 10-311] analyzing module gf_inv_4
INFO: [VRFC 10-2263] Analyzing Verilog file "C:/Users/ezzie/Desktop/microblazenewdir_aescrypto/microblazenewdir_aescrypto.srcs/sources_1/bd/design_1/ipshared/6c84/src/gf_mul_2.v" into library xil_defaultlib
INFO: [VRFC 10-311] analyzing module gf_mul_2
INFO: [VRFC 10-2263] Analyzing Verilog file "C:/Users/ezzie/Desktop/microblazenewdir_aescrypto/microblazenewdir_aescrypto.srcs/sources_1/bd/design_1/ipshared/6c84/src/gf_inv_8.v" into library xil_defaultlib
INFO: [VRFC 10-311] analyzing module gf_inv_8
INFO: [VRFC 10-2263] Analyzing Verilog file "C:/Users/ezzie/Desktop/microblazenewdir_aescrypto/microblazenewdir_aescrypto.srcs/sources_1/bd/design_1/ipshared/6c84/src/gf_mul_scl_2.v" into library xil_defaultlib
INFO: [VRFC 10-311] analyzing module gf_mul_scl_2
INFO: [VRFC 10-2263] Analyzing Verilog file "C:/Users/ezzie/Desktop/microblazenewdir_aescrypto/microblazenewdir_aescrypto.srcs/sources_1/bd/design_1/ipshared/6c84/src/gf_mul_4.v" into library xil_defaultlib
INFO: [VRFC 10-311] analyzing module gf_mul_4
INFO: [VRFC 10-2263] Analyzing Verilog file "C:/Users/ezzie/Desktop/microblazenewdir_aescrypto/microblazenewdir_aescrypto.gen/sources_1/bd/design_1/ip/design_1_AesCryptoCore_0_0/sim/design_1_AesCryptoCore_0_0.v" into library xil_defaultlib
INFO: [VRFC 10-311] analyzing module design_1_AesCryptoCore_0_0
INFO: [VRFC 10-2263] Analyzing Verilog file "C:/Users/ezzie/Desktop/final presentation repo/complete_system/complete_system.sim/sim_1/behav/xsim/glbl.v" into library xil_defaultlib
INFO: [VRFC 10-311] analyzing module glbl
INFO: [VRFC 10-163] Analyzing VHDL file "C:/Users/ezzie/Desktop/microblazenewdir_aescrypto/microblazenewdir_aescrypto.gen/sources_1/bd/design_1/ip/design_1_microblaze_0_0_1/sim/design_1_microblaze_0_0.vhd" into library xil_defaultlib
INFO: [VRFC 10-3107] analyzing entity 'design_1_microblaze_0_0'
INFO: [VRFC 10-163] Analyzing VHDL file "C:/Users/ezzie/Desktop/microblazenewdir_aescrypto/microblazenewdir_aescrypto.gen/sources_1/bd/design_1/ip/design_1_dlmb_v10_0_1/sim/design_1_dlmb_v10_0.vhd" into library xil_defaultlib
INFO: [VRFC 10-3107] analyzing entity 'design_1_dlmb_v10_0'
INFO: [VRFC 10-163] Analyzing VHDL file "C:/Users/ezzie/Desktop/microblazenewdir_aescrypto/microblazenewdir_aescrypto.gen/sources_1/bd/design_1/ip/design_1_ilmb_v10_0_1/sim/design_1_ilmb_v10_0.vhd" into library xil_defaultlib
INFO: [VRFC 10-3107] analyzing entity 'design_1_ilmb_v10_0'
INFO: [VRFC 10-163] Analyzing VHDL file "C:/Users/ezzie/Desktop/microblazenewdir_aescrypto/microblazenewdir_aescrypto.gen/sources_1/bd/design_1/ip/design_1_dlmb_bram_if_cntlr_0_1/sim/design_1_dlmb_bram_if_cntlr_0.vhd" into library xil_defaultlib
INFO: [VRFC 10-3107] analyzing entity 'design_1_dlmb_bram_if_cntlr_0'
INFO: [VRFC 10-163] Analyzing VHDL file "C:/Users/ezzie/Desktop/microblazenewdir_aescrypto/microblazenewdir_aescrypto.gen/sources_1/bd/design_1/ip/design_1_ilmb_bram_if_cntlr_0_1/sim/design_1_ilmb_bram_if_cntlr_0.vhd" into library xil_defaultlib
INFO: [VRFC 10-3107] analyzing entity 'design_1_ilmb_bram_if_cntlr_0'
INFO: [VRFC 10-163] Analyzing VHDL file "C:/Users/ezzie/Desktop/microblazenewdir_aescrypto/microblazenewdir_aescrypto.gen/sources_1/bd/design_1/ip/design_1_microblaze_0_axi_intc_0_1/sim/design_1_microblaze_0_axi_intc_0.vhd" into library xil_defaultlib
INFO: [VRFC 10-3107] analyzing entity 'design_1_microblaze_0_axi_intc_0'
INFO: [VRFC 10-163] Analyzing VHDL file "C:/Users/ezzie/Desktop/microblazenewdir_aescrypto/microblazenewdir_aescrypto.gen/sources_1/bd/design_1/ip/design_1_mdm_1_0_1/sim/design_1_mdm_1_0.vhd" into library xil_defaultlib
INFO: [VRFC 10-3107] analyzing entity 'design_1_mdm_1_0'
INFO: [VRFC 10-163] Analyzing VHDL file "C:/Users/ezzie/Desktop/microblazenewdir_aescrypto/microblazenewdir_aescrypto.gen/sources_1/bd/design_1/ip/design_1_rst_clk_wiz_1_100M_0_1/sim/design_1_rst_clk_wiz_1_100M_0.vhd" into library xil_defaultlib
INFO: [VRFC 10-3107] analyzing entity 'design_1_rst_clk_wiz_1_100M_0'
INFO: [VRFC 10-163] Analyzing VHDL file "C:/Users/ezzie/Desktop/microblazenewdir_aescrypto/microblazenewdir_aescrypto.gen/sources_1/bd/design_1/ip/design_1_axi_uartlite_0_0_1/sim/design_1_axi_uartlite_0_0.vhd" into library xil_defaultlib
INFO: [VRFC 10-3107] analyzing entity 'design_1_axi_uartlite_0_0'
INFO: [VRFC 10-163] Analyzing VHDL file "C:/Users/ezzie/Desktop/microblazenewdir_aescrypto/microblazenewdir_aescrypto.gen/sources_1/bd/design_1/ip/design_1_axi_gpio_0_0_1/sim/design_1_axi_gpio_0_0.vhd" into library xil_defaultlib
INFO: [VRFC 10-3107] analyzing entity 'design_1_axi_gpio_0_0'
INFO: [VRFC 10-163] Analyzing VHDL file "C:/Users/ezzie/Desktop/final presentation repo/complete_system/complete_system.ip_user_files/bd/design_1/sim/design_1.vhd" into library xil_defaultlib
INFO: [VRFC 10-3107] analyzing entity 'm00_couplers_imp_8RVYHO'
INFO: [VRFC 10-3107] analyzing entity 'm01_couplers_imp_1UTB3Y5'
INFO: [VRFC 10-3107] analyzing entity 'm02_couplers_imp_7ANRHB'
INFO: [VRFC 10-3107] analyzing entity 'm03_couplers_imp_1W07O72'
INFO: [VRFC 10-3107] analyzing entity 'microblaze_0_local_memory_imp_1K0VQXK'
INFO: [VRFC 10-3107] analyzing entity 's00_couplers_imp_1RZP34U'
INFO: [VRFC 10-3107] analyzing entity 'design_1_microblaze_0_axi_periph_0'
INFO: [VRFC 10-3107] analyzing entity 'design_1'
INFO: [VRFC 10-163] Analyzing VHDL file "C:/Users/ezzie/Desktop/final presentation repo/complete_system/complete_system.srcs/sources_1/imports/imports/design_1_wrapper.vhd" into library xil_defaultlib
INFO: [VRFC 10-3107] analyzing entity 'design_1_wrapper'
