INFO: [VRFC 10-163] Analyzing VHDL file "C:/Users/ezzie/Desktop/microblazenewdir_aescrypto/microblazenewdir_aescrypto.gen/sources_1/bd/design_1/ip/design_1_microblaze_0_0_1/sim/design_1_microblaze_0_0.vhd" into library xil_defaultlib
INFO: [VRFC 10-3107] analyzing entity 'design_1_microblaze_0_0'
INFO: [VRFC 10-163] Analyzing VHDL file "C:/Users/ezzie/Desktop/microblazenewdir_aescrypto/microblazenewdir_aescrypto.gen/sources_1/bd/design_1/ip/design_1_dlmb_v10_0_1/sim/design_1_dlmb_v10_0.vhd" into library xil_defaultlib
INFO: [VRFC 10-3107] analyzing entity 'design_1_dlmb_v10_0'
INFO: [VRFC 10-163] Analyzing VHDL file "C:/Users/ezzie/Desktop/microblazenewdir_aescrypto/microblazenewdir_aescrypto.gen/sources_1/bd/design_1/ip/design_1_ilmb_v10_0_1/sim/design_1_ilmb_v10_0.vhd" into library xil_defaultlib
INFO: [VRFC 10-3107] analyzing entity 'design_1_ilmb_v10_0'
INFO: [VRFC 10-163] Analyzing VHDL file "C:/Users/ezzie/Desktop/microblazenewdir_aescrypto/microblazenewdir_aescrypto.gen/sources_1/bd/design_1/ip/design_1_dlmb_bram_if_cntlr_0_1/sim/design_1_dlmb_bram_if_cntlr_0.vhd" into library xil_defaultlib
INFO: [VRFC 10-3107] analyzing entity 'design_1_dlmb_bram_if_cntlr_0'
INFO: [VRFC 10-163] Analyzing VHDL file "C:/Users/ezzie/Desktop/microblazenewdir_aescrypto/microblazenewdir_aescrypto.gen/sources_1/bd/design_1/ip/design_1_ilmb_bram_if_cntlr_0_1/sim/design_1_ilmb_bram_if_cntlr_0.vhd" into library xil_defaultlib
INFO: [VRFC 10-3107] analyzing entity 'design_1_ilmb_bram_if_cntlr_0'
INFO: [VRFC 10-163] Analyzing VHDL file "C:/Users/ezzie/Desktop/microblazenewdir_aescrypto/microblazenewdir_aescrypto.gen/sources_1/bd/design_1/ip/design_1_microblaze_0_axi_intc_0_1/sim/design_1_microblaze_0_axi_intc_0.vhd" into library xil_defaultlib
INFO: [VRFC 10-3107] analyzing entity 'design_1_microblaze_0_axi_intc_0'
INFO: [VRFC 10-163] Analyzing VHDL file "C:/Users/ezzie/Desktop/microblazenewdir_aescrypto/microblazenewdir_aescrypto.gen/sources_1/bd/design_1/ip/design_1_mdm_1_0_1/sim/design_1_mdm_1_0.vhd" into library xil_defaultlib
INFO: [VRFC 10-3107] analyzing entity 'design_1_mdm_1_0'
INFO: [VRFC 10-163] Analyzing VHDL file "C:/Users/ezzie/Desktop/microblazenewdir_aescrypto/microblazenewdir_aescrypto.gen/sources_1/bd/design_1/ip/design_1_rst_clk_wiz_1_100M_0_1/sim/design_1_rst_clk_wiz_1_100M_0.vhd" into library xil_defaultlib
INFO: [VRFC 10-3107] analyzing entity 'design_1_rst_clk_wiz_1_100M_0'
INFO: [VRFC 10-163] Analyzing VHDL file "C:/Users/ezzie/Desktop/microblazenewdir_aescrypto/microblazenewdir_aescrypto.gen/sources_1/bd/design_1/ip/design_1_axi_uartlite_0_0_1/sim/design_1_axi_uartlite_0_0.vhd" into library xil_defaultlib
INFO: [VRFC 10-3107] analyzing entity 'design_1_axi_uartlite_0_0'
INFO: [VRFC 10-163] Analyzing VHDL file "C:/Users/ezzie/Desktop/microblazenewdir_aescrypto/microblazenewdir_aescrypto.gen/sources_1/bd/design_1/ip/design_1_axi_gpio_0_0_1/sim/design_1_axi_gpio_0_0.vhd" into library xil_defaultlib
INFO: [VRFC 10-3107] analyzing entity 'design_1_axi_gpio_0_0'
INFO: [VRFC 10-163] Analyzing VHDL file "C:/Users/ezzie/Desktop/final presentation repo/complete_system/complete_system.ip_user_files/bd/design_1/sim/design_1.vhd" into library xil_defaultlib
INFO: [VRFC 10-3107] analyzing entity 'm00_couplers_imp_8RVYHO'
INFO: [VRFC 10-3107] analyzing entity 'm01_couplers_imp_1UTB3Y5'
INFO: [VRFC 10-3107] analyzing entity 'm02_couplers_imp_7ANRHB'
INFO: [VRFC 10-3107] analyzing entity 'm03_couplers_imp_1W07O72'
INFO: [VRFC 10-3107] analyzing entity 'microblaze_0_local_memory_imp_1K0VQXK'
INFO: [VRFC 10-3107] analyzing entity 's00_couplers_imp_1RZP34U'
INFO: [VRFC 10-3107] analyzing entity 'design_1_microblaze_0_axi_periph_0'
INFO: [VRFC 10-3107] analyzing entity 'design_1'
INFO: [VRFC 10-163] Analyzing VHDL file "C:/Users/ezzie/Desktop/final presentation repo/complete_system/complete_system.srcs/sources_1/imports/imports/design_1_wrapper.vhd" into library xil_defaultlib
INFO: [VRFC 10-3107] analyzing entity 'design_1_wrapper'
